<?xml version="1.0" encoding="UTF-8"?>
<!-- Generated by org.testng.reporters.JUnitXMLReporter -->
<testsuite ignored="2" hostname="LAPTOP-PNS4KIT7" failures="0" tests="3" name="Default test" time="153.474" errors="0" timestamp="2024-01-05T14:54:41 IST">
  <testcase classname="com.sevenrmartsupermarket.tests.LoginTest" name="loginCredentialsExcelProvider" time="11.981"/>
  <testcase classname="com.sevenrmartsupermarket.tests.LoginTest" name="loginCredentialsExcelProvider" time="6.042"/>
  <testcase classname="com.sevenrmartsupermarket.tests.LoginTest" name="loginCredentialsExcelProvider" time="24.402"/>
  <testcase classname="com.sevenrmartsupermarket.tests.LoginTest" name="verify_Login" time="0.0">
    <ignored/>
  </testcase> <!-- verify_Login -->
  <testcase classname="com.sevenrmartsupermarket.tests.LoginTest" name="verify_InvalidLogin" time="0.0">
    <ignored/>
  </testcase> <!-- verify_InvalidLogin -->
</testsuite> <!-- Default test -->
