<?xml version="1.0" encoding="UTF-8"?>
<!-- Generated by org.testng.reporters.JUnitXMLReporter -->
<testsuite ignored="1" hostname="LAPTOP-PNS4KIT7" failures="0" tests="1" name="Default test" time="24.585" errors="0" timestamp="2024-01-03T07:19:13 IST">
  <testcase classname="com.sevenrmartsupermarket.tests.LoginTest" name="verify_InvalidLogin" time="1.032"/>
  <testcase classname="com.sevenrmartsupermarket.tests.LoginTest" name="verify_Login" time="0.0">
    <ignored/>
  </testcase> <!-- verify_Login -->
</testsuite> <!-- Default test -->
