<?xml version="1.0" encoding="UTF-8"?>
<!-- Generated by org.testng.reporters.JUnitXMLReporter -->
<testsuite ignored="1" hostname="LAPTOP-PNS4KIT7" failures="0" tests="1" name="SmokeRun" time="3.592" errors="0" timestamp="2023-12-31T21:19:26 IST">
  <testcase classname="com.sevenrmartsupermarket.tests.LoginTest" name="verify_Login" time="1.05"/>
  <testcase classname="com.sevenrmartsupermarket.tests.LoginTest" name="verify_InvalidLogin" time="0.0">
    <ignored/>
  </testcase> <!-- verify_InvalidLogin -->
</testsuite> <!-- SmokeRun -->
