<?xml version="1.0" encoding="UTF-8"?>
<!-- Generated by org.testng.reporters.JUnitXMLReporter -->
<testsuite ignored="1" hostname="LAPTOP-PNS4KIT7" failures="0" tests="1" name="SmokeRun" time="5.018" errors="0" timestamp="2023-12-30T09:24:33 IST">
  <testcase classname="com.sevenrmartsupermarket.tests.LoginTest" name="verify_Login" time="0.91"/>
  <testcase classname="com.sevenrmartsupermarket.tests.LoginTest" name="verify_InvalidLogin" time="0.0">
    <ignored/>
  </testcase> <!-- verify_InvalidLogin -->
</testsuite> <!-- SmokeRun -->
