<?xml version="1.0" encoding="UTF-8"?>
<!-- Generated by org.testng.reporters.JUnitXMLReporter -->
<testsuite ignored="0" hostname="LAPTOP-PNS4KIT7" failures="0" tests="3" name="Executing in Chrome" time="8.308" errors="0" timestamp="2024-01-02T16:27:57 IST">
  <testcase classname="com.sevenrmartsupermarket.tests.HomeTest" name="verify_Logout" time="1.265"/>
  <testcase classname="com.sevenrmartsupermarket.tests.LoginTest" name="verify_InvalidLogin" time="0.406"/>
  <testcase classname="com.sevenrmartsupermarket.tests.LoginTest" name="verify_Login" time="0.537"/>
</testsuite> <!-- Executing in Chrome -->
