<?xml version="1.0" encoding="UTF-8"?>
<!-- Generated by org.testng.reporters.JUnitXMLReporter -->
<testsuite ignored="0" hostname="LAPTOP-PNS4KIT7" failures="0" tests="3" name="SmokeRun" time="9.471" errors="0" timestamp="2024-01-03T21:18:07 IST">
  <testcase classname="com.sevenrmartsupermarket.tests.HomeTest" name="verify_Logout" time="1.259"/>
  <testcase classname="com.sevenrmartsupermarket.tests.LoginTest" name="verify_InvalidLogin" time="0.401"/>
  <testcase classname="com.sevenrmartsupermarket.tests.LoginTest" name="verify_Login" time="0.595"/>
</testsuite> <!-- SmokeRun -->
