<?xml version="1.0" encoding="UTF-8"?>
<!-- Generated by org.testng.reporters.JUnitXMLReporter -->
<testsuite ignored="8" hostname="LAPTOP-PNS4KIT7" failures="0" tests="3" name="SmokeRunning" time="33.132" errors="0" timestamp="2024-01-04T05:13:58 IST">
  <testcase classname="com.sevenrmartsupermarket.tests.LoginTest" name="verify_Login" time="1.002"/>
  <testcase classname="com.sevenrmartsupermarket.tests.PushNotificationsTest" name="verify_ExcelData" time="0.668"/>
  <testcase classname="com.sevenrmartsupermarket.tests.PushNotificationsTest" name="verify_PushNotificationAlertMessage" time="4.612"/>
  <testcase classname="com.sevenrmartsupermarket.tests.ManageDeliveryBoyTest" name="verify_SearchReset" time="0.0">
    <ignored/>
  </testcase> <!-- verify_SearchReset -->
  <testcase classname="com.sevenrmartsupermarket.tests.ManageDeliveryBoyTest" name="verify_SearchDeliveryBoy" time="0.0">
    <ignored/>
  </testcase> <!-- verify_SearchDeliveryBoy -->
  <testcase classname="com.sevenrmartsupermarket.tests.HomeTest" name="verify_Logout" time="0.0">
    <ignored/>
  </testcase> <!-- verify_Logout -->
  <testcase classname="com.sevenrmartsupermarket.tests.LoginTest" name="verify_InvalidLogin" time="0.0">
    <ignored/>
  </testcase> <!-- verify_InvalidLogin -->
  <testcase classname="com.sevenrmartsupermarket.tests.ManageDeliveryBoyTest" name="createManageDeliveryBoy" time="0.0">
    <ignored/>
  </testcase> <!-- createManageDeliveryBoy -->
  <testcase classname="com.sevenrmartsupermarket.tests.ManageDeliveryBoyTest" name="verify_CallFakerMethod" time="0.0">
    <ignored/>
  </testcase> <!-- verify_CallFakerMethod -->
  <testcase classname="com.sevenrmartsupermarket.tests.ManageDeliveryBoyTest" name="verify_editUser" time="0.0">
    <ignored/>
  </testcase> <!-- verify_editUser -->
  <testcase classname="com.sevenrmartsupermarket.tests.ManageDeliveryBoyTest" name="verify_ClickNameDelete" time="0.0">
    <ignored/>
  </testcase> <!-- verify_ClickNameDelete -->
</testsuite> <!-- SmokeRunning -->
