<?xml version="1.0" encoding="UTF-8"?>
<!-- Generated by org.testng.reporters.JUnitXMLReporter -->
<testsuite ignored="0" hostname="LAPTOP-PNS4KIT7" failures="0" tests="2" name="Executing in Edge" time="14.257" errors="0" timestamp="2024-01-02T07:50:34 IST">
  <testcase classname="com.sevenrmartsupermarket.tests.LoginTest" name="verify_InvalidLogin" time="0.706"/>
  <testcase classname="com.sevenrmartsupermarket.tests.LoginTest" name="verify_Login" time="1.274"/>
</testsuite> <!-- Executing in Edge -->
