<?xml version="1.0" encoding="UTF-8"?>
<testng-results ignored="0" total="1" passed="1" failed="0" skipped="0">
  <reporter-output>
  </reporter-output>
  <suite started-at="2023-12-31T11:22:01 IST" name="Default suite" finished-at="2023-12-31T11:22:08 IST" duration-ms="7181">
    <groups>
    </groups>
    <test started-at="2023-12-31T11:22:01 IST" name="Default test" finished-at="2023-12-31T11:22:08 IST" duration-ms="7181">
      <class name="com.sevenrmartsupermarket.tests.DataProviderAddOfferTest">
        <test-method is-config="true" signature="launch_Browser()[pri:0, instance:com.sevenrmartsupermarket.tests.DataProviderAddOfferTest@7a8c8dcf]" started-at="2023-12-31T11:22:01 IST" name="launch_Browser" finished-at="2023-12-31T11:22:04 IST" duration-ms="3343" status="PASS">
          <reporter-output>
          </reporter-output>
        </test-method> <!-- launch_Browser -->
        <test-method signature="verify_createNewManageOfferCode(java.lang.String,java.lang.String,java.lang.String,java.lang.String)[pri:0, instance:com.sevenrmartsupermarket.tests.DataProviderAddOfferTest@7a8c8dcf]" started-at="2023-12-31T11:22:04 IST" name="verify_createNewManageOfferCode" data-provider="AddOffer" finished-at="2023-12-31T11:22:08 IST" duration-ms="3780" status="PASS">
          <params>
            <param index="0">
              <value>
                <![CDATA[TestC001]]>
              </value>
            </param>
            <param index="1">
              <value>
                <![CDATA[25%]]>
              </value>
            </param>
            <param index="2">
              <value>
                <![CDATA[250]]>
              </value>
            </param>
            <param index="3">
              <value>
                <![CDATA[TestC001]]>
              </value>
            </param>
          </params>
          <reporter-output>
          </reporter-output>
        </test-method> <!-- verify_createNewManageOfferCode -->
        <test-method is-config="true" signature="terminateSession(org.testng.ITestResult)[pri:0, instance:com.sevenrmartsupermarket.tests.DataProviderAddOfferTest@7a8c8dcf]" started-at="2023-12-31T11:22:08 IST" name="terminateSession" finished-at="2023-12-31T11:22:08 IST" duration-ms="2" status="PASS">
          <params>
            <param index="0">
              <value>
                <![CDATA[[TestResult name=verify_createNewManageOfferCode status=SUCCESS method=DataProviderAddOfferTest.verify_createNewManageOfferCode(java.lang.String,java.lang.String,java.lang.String,java.lang.String)[pri:0, instance:com.sevenrmartsupermarket.tests.DataProviderAddOfferTest@7a8c8dcf] output={null}]]]>
              </value>
            </param>
          </params>
          <reporter-output>
          </reporter-output>
        </test-method> <!-- terminateSession -->
      </class> <!-- com.sevenrmartsupermarket.tests.DataProviderAddOfferTest -->
    </test> <!-- Default test -->
  </suite> <!-- Default suite -->
</testng-results>
