<?xml version="1.0" encoding="UTF-8"?>
<testng-results ignored="2" total="5" passed="3" failed="0" skipped="0">
  <reporter-output>
  </reporter-output>
  <suite started-at="2024-01-05T14:52:07 IST" name="Default suite" finished-at="2024-01-05T14:54:41 IST" duration-ms="153474">
    <groups>
    </groups>
    <test started-at="2024-01-05T14:52:07 IST" name="Default test" finished-at="2024-01-05T14:54:41 IST" duration-ms="153474">
      <class name="com.sevenrmartsupermarket.tests.LoginTest">
        <test-method is-config="true" signature="launch_Browser()[pri:0, instance:com.sevenrmartsupermarket.tests.LoginTest@61322f9d]" started-at="2024-01-05T14:52:08 IST" name="launch_Browser" finished-at="2024-01-05T14:52:41 IST" duration-ms="33320" status="PASS">
          <reporter-output>
          </reporter-output>
        </test-method> <!-- launch_Browser -->
        <test-method signature="loginCredentialsExcelProvider(java.lang.String,java.lang.String,java.lang.String)[pri:0, instance:com.sevenrmartsupermarket.tests.LoginTest@61322f9d]" started-at="2024-01-05T14:52:41 IST" name="loginCredentialsExcelProvider" data-provider="LoginDataExcel" finished-at="2024-01-05T14:52:53 IST" duration-ms="11981" status="PASS">
          <params>
            <param index="0">
              <value>
                <![CDATA[Sheila2023]]>
              </value>
            </param>
            <param index="1">
              <value>
                <![CDATA[Runolfsson123]]>
              </value>
            </param>
            <param index="2">
              <value>
                <![CDATA[Sheila2023]]>
              </value>
            </param>
          </params>
          <reporter-output>
          </reporter-output>
        </test-method> <!-- loginCredentialsExcelProvider -->
        <test-method is-config="true" signature="launch_Browser()[pri:0, instance:com.sevenrmartsupermarket.tests.LoginTest@61322f9d]" started-at="2024-01-05T14:52:53 IST" name="launch_Browser" finished-at="2024-01-05T14:53:26 IST" duration-ms="33066" status="PASS">
          <reporter-output>
          </reporter-output>
        </test-method> <!-- launch_Browser -->
        <test-method is-config="true" signature="terminateSession(org.testng.ITestResult)[pri:0, instance:com.sevenrmartsupermarket.tests.LoginTest@61322f9d]" started-at="2024-01-05T14:52:53 IST" name="terminateSession" finished-at="2024-01-05T14:52:53 IST" duration-ms="0" status="PASS">
          <params>
            <param index="0">
              <value>
                <![CDATA[[TestResult name=loginCredentialsExcelProvider status=SUCCESS method=LoginTest.loginCredentialsExcelProvider(java.lang.String,java.lang.String,java.lang.String)[pri:0, instance:com.sevenrmartsupermarket.tests.LoginTest@61322f9d] output={null}]]]>
              </value>
            </param>
          </params>
          <reporter-output>
          </reporter-output>
        </test-method> <!-- terminateSession -->
        <test-method signature="loginCredentialsExcelProvider(java.lang.String,java.lang.String,java.lang.String)[pri:0, instance:com.sevenrmartsupermarket.tests.LoginTest@61322f9d]" started-at="2024-01-05T14:53:26 IST" name="loginCredentialsExcelProvider" data-provider="LoginDataExcel" finished-at="2024-01-05T14:53:33 IST" duration-ms="6042" status="PASS">
          <params>
            <param index="0">
              <value>
                <![CDATA[gopi]]>
              </value>
            </param>
            <param index="1">
              <value>
                <![CDATA[gopi]]>
              </value>
            </param>
            <param index="2">
              <value>
                <![CDATA[Gopi]]>
              </value>
            </param>
          </params>
          <reporter-output>
          </reporter-output>
        </test-method> <!-- loginCredentialsExcelProvider -->
        <test-method is-config="true" signature="terminateSession(org.testng.ITestResult)[pri:0, instance:com.sevenrmartsupermarket.tests.LoginTest@61322f9d]" started-at="2024-01-05T14:53:33 IST" name="terminateSession" finished-at="2024-01-05T14:53:33 IST" duration-ms="8" status="PASS">
          <params>
            <param index="0">
              <value>
                <![CDATA[[TestResult name=loginCredentialsExcelProvider status=SUCCESS method=LoginTest.loginCredentialsExcelProvider(java.lang.String,java.lang.String,java.lang.String)[pri:0, instance:com.sevenrmartsupermarket.tests.LoginTest@61322f9d] output={null}]]]>
              </value>
            </param>
          </params>
          <reporter-output>
          </reporter-output>
        </test-method> <!-- terminateSession -->
        <test-method is-config="true" signature="launch_Browser()[pri:0, instance:com.sevenrmartsupermarket.tests.LoginTest@61322f9d]" started-at="2024-01-05T14:53:33 IST" name="launch_Browser" finished-at="2024-01-05T14:54:17 IST" duration-ms="43984" status="PASS">
          <reporter-output>
          </reporter-output>
        </test-method> <!-- launch_Browser -->
        <test-method signature="loginCredentialsExcelProvider(java.lang.String,java.lang.String,java.lang.String)[pri:0, instance:com.sevenrmartsupermarket.tests.LoginTest@61322f9d]" started-at="2024-01-05T14:54:17 IST" name="loginCredentialsExcelProvider" data-provider="LoginDataExcel" finished-at="2024-01-05T14:54:41 IST" duration-ms="24402" status="PASS">
          <params>
            <param index="0">
              <value>
                <![CDATA[suresh]]>
              </value>
            </param>
            <param index="1">
              <value>
                <![CDATA[suresh]]>
              </value>
            </param>
            <param index="2">
              <value>
                <![CDATA[Suresh]]>
              </value>
            </param>
          </params>
          <reporter-output>
          </reporter-output>
        </test-method> <!-- loginCredentialsExcelProvider -->
        <test-method is-config="true" signature="terminateSession(org.testng.ITestResult)[pri:0, instance:com.sevenrmartsupermarket.tests.LoginTest@61322f9d]" started-at="2024-01-05T14:54:41 IST" name="terminateSession" finished-at="2024-01-05T14:54:41 IST" duration-ms="0" status="PASS">
          <params>
            <param index="0">
              <value>
                <![CDATA[[TestResult name=loginCredentialsExcelProvider status=SUCCESS method=LoginTest.loginCredentialsExcelProvider(java.lang.String,java.lang.String,java.lang.String)[pri:0, instance:com.sevenrmartsupermarket.tests.LoginTest@61322f9d] output={null}]]]>
              </value>
            </param>
          </params>
          <reporter-output>
          </reporter-output>
        </test-method> <!-- terminateSession -->
      </class> <!-- com.sevenrmartsupermarket.tests.LoginTest -->
    </test> <!-- Default test -->
  </suite> <!-- Default suite -->
</testng-results>
